<?xml version="1.0" encoding="UTF-8"?>
<!-- Generated by org.testng.reporters.JUnitReportReporter -->
<testsuite hostname="LAPTOP-4E0BVMRO" failures="0" tests="1" name="TestNgXml.ClassC" time="0.003" errors="0" timestamp="2024-09-01T21:00:22 IST" skipped="0">
  <testcase classname="TestNgXml.ClassC" name="method3" time="0.003"/>
</testsuite> <!-- TestNgXml.ClassC -->
