<?xml version="1.0" encoding="UTF-8"?>
<!-- Generated by org.testng.reporters.JUnitReportReporter -->
<testsuite hostname="LAPTOP-4E0BVMRO" failures="0" tests="1" name="TestNgXml.ClassB" time="0.002" errors="0" timestamp="2024-09-01T21:00:22 IST" skipped="0">
  <testcase classname="TestNgXml.ClassB" name="method2" time="0.002"/>
</testsuite> <!-- TestNgXml.ClassB -->
