<?xml version="1.0" encoding="UTF-8"?>
<!-- Generated by org.testng.reporters.JUnitReportReporter -->
<testsuite hostname="LAPTOP-4E0BVMRO" failures="0" tests="3" name="TestNg.GroupingTest" time="13.457" errors="0" timestamp="2024-09-16T19:12:24 IST" skipped="0">
  <testcase classname="TestNg.GroupingTest" name="VarifyLoginWithValidCredential" time="4.499"/>
  <testcase classname="TestNg.GroupingTest" name="VarifyLoginWithValidUsernameAndInvalidPassword" time="6.227"/>
  <testcase classname="TestNg.GroupingTest" name="VarifyLoginWithInvalidUsernameAndValidPassword" time="2.731"/>
</testsuite> <!-- TestNg.GroupingTest -->
