<?xml version="1.0" encoding="UTF-8"?>
<!-- Generated by org.testng.reporters.JUnitReportReporter -->
<testsuite hostname="LAPTOP-4E0BVMRO" failures="0" tests="1" name="Practise1.P1" time="0.029" errors="0" timestamp="2024-08-20T22:02:35 IST" skipped="0">
  <testcase classname="Practise1.P1" name="m1" time="0.029"/>
</testsuite> <!-- Practise1.P1 -->
