<?xml version="1.0" encoding="UTF-8"?>
<!-- Generated by org.testng.reporters.JUnitReportReporter -->
<testsuite hostname="LAPTOP-4E0BVMRO" failures="0" tests="3" name="TestNg.Annotations" time="14.792" errors="0" timestamp="2024-12-21T23:25:23 IST" skipped="0">
  <testcase classname="TestNg.Annotations" name="VarifyLoginWithValidCredential" time="3.891"/>
  <testcase classname="TestNg.Annotations" name="VarifyLoginWithValidUsernameAndInvalidPassword" time="8.236"/>
  <testcase classname="TestNg.Annotations" name="VarifyLoginWithInvalidUsernameAndValidPassword" time="2.665"/>
</testsuite> <!-- TestNg.Annotations -->
