<?xml version="1.0" encoding="UTF-8"?>
<!-- Generated by org.testng.reporters.JUnitReportReporter -->
<testsuite hostname="LAPTOP-4E0BVMRO" failures="0" tests="1" name="TestNg.AssertClass" time="12.333" errors="0" timestamp="2024-12-17T13:33:24 IST" skipped="0">
  <testcase classname="TestNg.AssertClass" name="titleCheck" time="12.333"/>
</testsuite> <!-- TestNg.AssertClass -->
