<?xml version="1.0" encoding="UTF-8"?>
<!-- Generated by org.testng.reporters.JUnitReportReporter -->
<testsuite hostname="LAPTOP-4E0BVMRO" failures="0" tests="2" name="TestNG_Practise_test.Login" time="10.425" errors="0" timestamp="2024-09-01T15:40:54 IST" skipped="0">
  <testcase classname="TestNG_Practise_test.Login" name="VarifyLoginWithInValidCredential" time="5.464"/>
  <testcase classname="TestNG_Practise_test.Login" name="VarifyLoginWithVAlidCredential" time="4.961"/>
</testsuite> <!-- TestNG_Practise_test.Login -->
