<?xml version="1.0" encoding="UTF-8"?>
<!-- Generated by org.testng.reporters.JUnitReportReporter -->
<testsuite hostname="LAPTOP-4E0BVMRO" failures="0" tests="3" name="TestNg.DataProvider1" time="15.944" errors="0" timestamp="2024-12-17T13:43:51 IST" skipped="0">
  <testcase classname="TestNg.DataProvider1" name="VarifyLoginWithInValidCredential" time="2.935"/>
  <testcase classname="TestNg.DataProvider1" name="VarifyLoginWithInValidCredential" time="5.130"/>
  <testcase classname="TestNg.DataProvider1" name="VarifyLoginWithInValidCredential" time="7.879"/>
</testsuite> <!-- TestNg.DataProvider1 -->
