<?xml version="1.0" encoding="UTF-8"?>
<!-- Generated by org.testng.reporters.JUnitReportReporter -->
<testsuite hostname="LAPTOP-4E0BVMRO" failures="0" tests="1" name="TestNg.DataProvider" time="5.836" errors="0" timestamp="2024-09-18T18:46:15 IST" skipped="0">
  <testcase classname="TestNg.DataProvider" name="VarifyLoginWithInValidCredential" time="5.836"/>
</testsuite> <!-- TestNg.DataProvider -->
